<?xml version="1.0" encoding="UTF-8"?>
<testng-results skipped="0" failed="0" ignored="0" total="2" passed="2">
  <reporter-output>
  </reporter-output>
  <suite name="Default suite" duration-ms="133" started-at="2022-02-19T07:37:00Z" finished-at="2022-02-19T07:37:00Z">
    <groups>
    </groups>
    <test name="Default test" duration-ms="133" started-at="2022-02-19T07:37:00Z" finished-at="2022-02-19T07:37:00Z">
      <class name="DemoTest">
        <test-method status="PASS" signature="CheckInside()[pri:0, instance:DemoTest@50c87b21]" name="CheckInside" duration-ms="32" started-at="2022-02-19T13:07:00Z" finished-at="2022-02-19T13:07:00Z">
          <reporter-output>
          </reporter-output>
        </test-method> <!-- CheckInside -->
        <test-method status="PASS" signature="CheckOutside()[pri:0, instance:DemoTest@50c87b21]" name="CheckOutside" duration-ms="5" started-at="2022-02-19T13:07:00Z" finished-at="2022-02-19T13:07:00Z">
          <reporter-output>
          </reporter-output>
        </test-method> <!-- CheckOutside -->
      </class> <!-- DemoTest -->
    </test> <!-- Default test -->
  </suite> <!-- Default suite -->
</testng-results>
